<?xml version="1.0" encoding="UTF-8"?>
<mycoreobject xmlns:xlink="http://www.w3.org/1999/xlink" xmlns:xsi="http://www.w3.org/2001/XMLSchema-instance" xsi:noNamespaceSchemaLocation="datamodel-mods.xsd" ID="junit_mods_00000008">
  <metadata>
    <def.modsContainer class="MCRMetaXML" heritable="false" notinherit="true">
      <modsContainer inherited="0">
        <mods:mods xmlns:mods="http://www.loc.gov/mods/v3">
          <mods:titleInfo xml:lang="de">
            <mods:title>This is a test-publication</mods:title>
          </mods:titleInfo>
          <mods:name type="personal">
            <mods:namePart type="family">Richter-Doppelname</mods:namePart>
            <mods:namePart type="given">Hans Peter</mods:namePart>
            <mods:nameIdentifier type="lsf">88888</mods:nameIdentifier>
            <mods:nameIdentifier type="scopus">3332222999</mods:nameIdentifier>
          </mods:name>
        </mods:mods>
      </modsContainer>
    </def.modsContainer>
  </metadata>
</mycoreobject>
