<?xml version="1.0" encoding="UTF-8"?>
<mycoreobject xmlns:xlink="http://www.w3.org/1999/xlink" xmlns:xsi="http://www.w3.org/2001/XMLSchema-instance" xsi:noNamespaceSchemaLocation="datamodel-modsperson.xsd" ID="junit_modsperson_00000011">
  <metadata>
    <def.modsContainer class="MCRMetaXML" heritable="false" notinherit="true">
      <modsContainer inherited="0">
        <mods:mods xmlns:mods="http://www.loc.gov/mods/v3">
          <mods:name type="personal">
            <mods:namePart type="family">Meyer</mods:namePart>
            <mods:namePart type="given">Gustav</mods:namePart>
            <mods:nameIdentifier type="lsf">112233</mods:nameIdentifier>
            <mods:nameIdentifier type="scopus">2222222444</mods:nameIdentifier>
          </mods:name>
        </mods:mods>
      </modsContainer>
    </def.modsContainer>
  </metadata>
</mycoreobject>
